<?xml version="1.0" encoding="UTF-8" ?>
<testsuite errors="0" skipped="0" tests="1" time="0.121" failures="0" name="org.jboss.resteasy.test.jboss.SmokeTest">
   <properties>
      <property value="Java(TM) 2 Runtime Environment, Standard Edition" name="java.runtime.name"/>
      <property value="/System/Library/Frameworks/JavaVM.framework/Versions/1.5.0/Libraries"
                name="sun.boot.library.path"/>
      <property value="1.5.0_13-119" name="java.vm.version"/>
      <property value="true" name="awt.nativeDoubleBuffering"/>
      <property value="false" name="gopherProxySet"/>
      <property value="Apple Inc." name="java.vm.vendor"/>
      <property value="http://www.apple.com/" name="java.vendor.url"/>
      <property value=":" name="path.separator"/>
      <property value="Java HotSpot(TM) Client VM" name="java.vm.name"/>
      <property value="sun.io" name="file.encoding.pkg"/>
      <property value="US" name="user.country"/>
      <property value="SUN_STANDARD" name="sun.java.launcher"/>
      <property value="unknown" name="sun.os.patch.level"/>
      <property value="Java Virtual Machine Specification" name="java.vm.specification.name"/>
      <property value="/Users/billburke/jboss/resteasy-jaxrs/jboss-integration-testing/servlet-mapping-test"
                name="user.dir"/>
      <property value="1.5.0_13-b05-237" name="java.runtime.version"/>
      <property value="apple.awt.CGraphicsEnvironment" name="java.awt.graphicsenv"/>
      <property value="/Users/billburke/jboss/resteasy-jaxrs/jboss-integration-testing/servlet-mapping-test"
                name="basedir"/>
      <property value="/System/Library/Frameworks/JavaVM.framework/Versions/1.5.0/Home/lib/endorsed"
                name="java.endorsed.dirs"/>
      <property value="i386" name="os.arch"/>
      <property value="/tmp" name="java.io.tmpdir"/>
      <property value="
" name="line.separator"/>
      <property value="Sun Microsystems Inc." name="java.vm.specification.vendor"/>
      <property value="Mac OS X" name="os.name"/>
      <property value="/Users/billburke/bin/maven/bin/m2.conf" name="classworlds.conf"/>
      <property value="MacRoman" name="sun.jnu.encoding"/>
      <property value=".:/Library/Java/Extensions:/System/Library/Java/Extensions:/usr/lib/java"
                name="java.library.path"/>
      <property
              value="/Users/billburke/jboss/resteasy-jaxrs/jboss-integration-testing/servlet-mapping-test/target/test-classes:/Users/billburke/jboss/resteasy-jaxrs/jboss-integration-testing/servlet-mapping-test/target/classes:/Users/billburke/.m2/repository/org/jboss/resteasy/resteasy-jaxrs/1.0-beta-6-SNAPSHOT/resteasy-jaxrs-1.0-beta-6-SNAPSHOT.jar:/Users/billburke/.m2/repository/org/jboss/resteasy/jaxrs-api/1.0-beta-6-SNAPSHOT/jaxrs-api-1.0-beta-6-SNAPSHOT.jar:/Users/billburke/.m2/repository/org/slf4j/slf4j-api/1.5.2/slf4j-api-1.5.2.jar:/Users/billburke/.m2/repository/org/slf4j/slf4j-simple/1.5.2/slf4j-simple-1.5.2.jar:/Users/billburke/.m2/repository/org/scannotation/scannotation/1.0.2/scannotation-1.0.2.jar:/Users/billburke/.m2/repository/javax/annotation/jsr250-api/1.0/jsr250-api-1.0.jar:/Users/billburke/.m2/repository/javax/activation/activation/1.1/activation-1.1.jar:/Users/billburke/.m2/repository/com/sun/xml/bind/jaxb-impl/2.1.2/jaxb-impl-2.1.2.jar:/Users/billburke/.m2/repository/javax/xml/bind/jaxb-api/2.1/jaxb-api-2.1.jar:/Users/billburke/.m2/repository/javax/xml/stream/stax-api/1.0-2/stax-api-1.0-2.jar:/Users/billburke/.m2/repository/com/sun/xml/fastinfoset/FastInfoset/1.2.2/FastInfoset-1.2.2.jar:/Users/billburke/.m2/repository/junit/junit/4.1/junit-4.1.jar:/Users/billburke/.m2/repository/commons-httpclient/commons-httpclient/3.1/commons-httpclient-3.1.jar:/Users/billburke/.m2/repository/commons-logging/commons-logging/1.0.4/commons-logging-1.0.4.jar:/Users/billburke/.m2/repository/commons-codec/commons-codec/1.2/commons-codec-1.2.jar:/Users/billburke/.m2/repository/javax/servlet/servlet-api/2.5/servlet-api-2.5.jar:"
              name="surefire.test.class.path"/>
      <property value="Java Platform API Specification" name="java.specification.name"/>
      <property value="49.0" name="java.class.version"/>
      <property value="HotSpot Client Compiler" name="sun.management.compiler"/>
      <property value="10.5.4" name="os.version"/>
      <property value="/Users/billburke" name="user.home"/>
      <property value="America/New_York" name="user.timezone"/>
      <property value="apple.awt.CPrinterJob" name="java.awt.printerjob"/>
      <property value="1.5" name="java.specification.version"/>
      <property value="MacRoman" name="file.encoding"/>
      <property value="billburke" name="user.name"/>
      <property value="/Users/billburke/bin/maven/boot/classworlds-1.1.jar" name="java.class.path"/>
      <property value="1.0" name="java.vm.specification.version"/>
      <property value="32" name="sun.arch.data.model"/>
      <property value="/System/Library/Frameworks/JavaVM.framework/Versions/1.5.0/Home" name="java.home"/>
      <property value="Sun Microsystems Inc." name="java.specification.vendor"/>
      <property value="en" name="user.language"/>
      <property value="apple.awt.CToolkit" name="awt.toolkit"/>
      <property value="mixed mode, sharing" name="java.vm.info"/>
      <property value="1.5.0_13" name="java.version"/>
      <property
              value="/Library/Java/Extensions:/System/Library/Java/Extensions:/System/Library/Frameworks/JavaVM.framework/Versions/1.5.0/Home/lib/ext"
              name="java.ext.dirs"/>
      <property
              value="/System/Library/Frameworks/JavaVM.framework/Versions/1.5.0/Classes/classes.jar:/System/Library/Frameworks/JavaVM.framework/Versions/1.5.0/Classes/ui.jar:/System/Library/Frameworks/JavaVM.framework/Versions/1.5.0/Classes/laf.jar:/System/Library/Frameworks/JavaVM.framework/Versions/1.5.0/Classes/sunrsasign.jar:/System/Library/Frameworks/JavaVM.framework/Versions/1.5.0/Classes/jsse.jar:/System/Library/Frameworks/JavaVM.framework/Versions/1.5.0/Classes/jce.jar:/System/Library/Frameworks/JavaVM.framework/Versions/1.5.0/Classes/charsets.jar"
              name="sun.boot.class.path"/>
      <property value="Apple Inc." name="java.vendor"/>
      <property value="/Users/billburke/bin/maven" name="maven.home"/>
      <property value="/Users/billburke/.m2/repository" name="localRepository"/>
      <property value="/" name="file.separator"/>
      <property value="http://bugreport.apple.com/" name="java.vendor.url.bug"/>
      <property value="little" name="sun.cpu.endian"/>
      <property value="UnicodeLittle" name="sun.io.unicode.encoding"/>
      <property value="1040.1.5.0_13-237" name="mrj.version"/>
      <property value="" name="sun.cpu.isalist"/>
   </properties>
   <testcase time="0.106" name="testNoDefaultsResource"/>
</testsuite>